#
# A fatal error has been detected by the Java Runtime Environment:
#
#  EXCEPTION_ACCESS_VIOLATION (0xc0000005) at pc=0x00007ffbf9a64658, pid=10932, tid=0x0000000000001104
#
# JRE version: Java(TM) SE Runtime Environment (8.0_121-b13) (build 1.8.0_121-b13)
# Java VM: Java HotSpot(TM) 64-Bit Server VM (25.121-b13 mixed mode windows-amd64 compressed oops)
# Problematic frame:
# C  [glfw.dll+0x4658]
#
# Failed to write core dump. Minidumps are not enabled by default on client versions of Windows
#
# If you would like to submit a bug report, please visit:
#   http://bugreport.java.com/bugreport/crash.jsp
# The crash happened outside the Java Virtual Machine in native code.
# See problematic frame for where to report the bug.
#

---------------  T H R E A D  ---------------

Current thread (0x00000000192cd800):  JavaThread "Game" [_thread_in_native, id=4356, stack(0x000000001a710000,0x000000001a810000)]

siginfo: ExceptionCode=0xc0000005, reading address 0x0000000000000000

Registers:
RAX=0x0000000000000000, RBX=0x0000000000927440, RCX=0x0000000000000000, RDX=0x0000000000000000
RSP=0x000000001a80f1e0, RBP=0x000000001a80f270, RSI=0x0000000000000020, RDI=0x0000000000000450
R8 =0x0000000000000000, R9 =0x0000000000000000, R10=0x00007ffbe4451db0, R11=0x00000000009276e0
R12=0x0000000000000000, R13=0x000000001a80f290, R14=0x000000001a80f260, R15=0x00000000192cd800
RIP=0x00007ffbf9a64658, EFLAGS=0x0000000000010287

Top of Stack: (sp=0x000000001a80f1e0)
0x000000001a80f1e0:   0000000000927440 00007ffc05a70800
0x000000001a80f1f0:   00007ffbf4c00000 0000000000000001
0x000000001a80f200:   000000001a8e5d78 000000000298008a
0x000000001a80f210:   000000001a80f210 000000001fe51d58
0x000000001a80f220:   000000001a80f260 000000001fe52078
0x000000001a80f230:   0000000000000000 000000001fe51d78
0x000000001a80f240:   0000000000000000 000000001a80f260
0x000000001a80f250:   000000001a80f2a8 0000000040400000
0x000000001a80f260:   00000000d81c6220 000000001a80f268
0x000000001a80f270:   000000001a80f2f0 00000000025d835d
0x000000001a80f280:   000000001f85a4e0 00000000025d835d
0x000000001a80f290:   0000000000927440 0000000000000000
0x000000001a80f2a0:   00007ffbf9a645f0 000000001a80f308
0x000000001a80f2b0:   000000001a80f2b0 0000000016f35356
0x000000001a80f2c0:   000000001a80f318 0000000016f3f6b0
0x000000001a80f2d0:   0000000000000000 0000000016f35380 

Instructions: (pc=0x00007ffbf9a64658)
0x00007ffbf9a64638:   e8 f3 d5 ff ff 48 8b cb e8 2b 3b 00 00 48 39 1d
0x00007ffbf9a64648:   94 19 03 00 48 8d 05 8d 19 03 00 74 08 48 8b 00
0x00007ffbf9a64658:   48 39 18 75 f8 48 8b 0b 48 89 08 48 8b cb 48 83
0x00007ffbf9a64668:   c4 20 5b e9 10 02 01 00 48 83 c4 20 5b c3 cc cc 


Register to memory mapping:

RAX=0x0000000000000000 is an unknown value
RBX=0x0000000000927440 is an unknown value
RCX=0x0000000000000000 is an unknown value
RDX=0x0000000000000000 is an unknown value
RSP=0x000000001a80f1e0 is pointing into the stack for thread: 0x00000000192cd800
RBP=0x000000001a80f270 is pointing into the stack for thread: 0x00000000192cd800
RSI=0x0000000000000020 is an unknown value
RDI=0x0000000000000450 is an unknown value
R8 =0x0000000000000000 is an unknown value
R9 =0x0000000000000000 is an unknown value
R10=0x00007ffbe4451db0 is an unknown value
R11=0x00000000009276e0 is an unknown value
R12=0x0000000000000000 is an unknown value
R13=0x000000001a80f290 is pointing into the stack for thread: 0x00000000192cd800
R14=0x000000001a80f260 is pointing into the stack for thread: 0x00000000192cd800
R15=0x00000000192cd800 is a thread


Stack: [0x000000001a710000,0x000000001a810000],  sp=0x000000001a80f1e0,  free space=1020k
Native frames: (J=compiled Java code, j=interpreted, Vv=VM code, C=native code)
C  [glfw.dll+0x4658]
C  0x000000000298008a

Java frames: (J=compiled Java code, j=interpreted, Vv=VM code)
J 1056  org.lwjgl.system.JNI.invokePV(JJ)V (0 bytes) @ 0x0000000002980004 [0x000000000297ffc0+0x44]
j  org.lwjgl.glfw.GLFW.glfwDestroyWindow(J)V+6
j  com.thechema.game.Main.update()V+34
j  com.thechema.game.Main.run()V+55
j  java.lang.Thread.run()V+11
v  ~StubRoutines::call_stub

---------------  P R O C E S S  ---------------

Java Threads: ( => current thread )
=>0x00000000192cd800 JavaThread "Game" [_thread_in_native, id=4356, stack(0x000000001a710000,0x000000001a810000)]
  0x00000000024d0800 JavaThread "DestroyJavaVM" [_thread_blocked, id=7844, stack(0x00000000023d0000,0x00000000024d0000)]
  0x0000000019240000 JavaThread "AWT-EventQueue-0" [_thread_blocked, id=10864, stack(0x000000001a1d0000,0x000000001a2d0000)]
  0x0000000019227800 JavaThread "AWT-Windows" daemon [_thread_in_native, id=10072, stack(0x0000000019ca0000,0x0000000019da0000)]
  0x0000000019227000 JavaThread "AWT-Shutdown" [_thread_blocked, id=8348, stack(0x0000000019ba0000,0x0000000019ca0000)]
  0x0000000019221800 JavaThread "Java2D Disposer" daemon [_thread_blocked, id=2740, stack(0x0000000019aa0000,0x0000000019ba0000)]
  0x000000001719a000 JavaThread "Service Thread" daemon [_thread_blocked, id=11088, stack(0x0000000018e90000,0x0000000018f90000)]
  0x000000001718b800 JavaThread "C1 CompilerThread2" daemon [_thread_blocked, id=10264, stack(0x0000000018990000,0x0000000018a90000)]
  0x0000000017143800 JavaThread "C2 CompilerThread1" daemon [_thread_blocked, id=608, stack(0x0000000018890000,0x0000000018990000)]
  0x000000001713f000 JavaThread "C2 CompilerThread0" daemon [_thread_blocked, id=2120, stack(0x0000000018790000,0x0000000018890000)]
  0x000000001713c800 JavaThread "Attach Listener" daemon [_thread_blocked, id=748, stack(0x0000000018690000,0x0000000018790000)]
  0x000000001713b800 JavaThread "Signal Dispatcher" daemon [_thread_blocked, id=11660, stack(0x0000000018590000,0x0000000018690000)]
  0x00000000025ca000 JavaThread "Finalizer" daemon [_thread_blocked, id=8296, stack(0x00000000183a0000,0x00000000184a0000)]
  0x00000000025bf000 JavaThread "Reference Handler" daemon [_thread_blocked, id=10668, stack(0x00000000182a0000,0x00000000183a0000)]

Other Threads:
  0x0000000017108000 VMThread [stack: 0x00000000181a0000,0x00000000182a0000] [id=6904]
  0x0000000018ac1000 WatcherThread [stack: 0x00000000190d0000,0x00000000191d0000] [id=6620]

VM state:not at safepoint (normal execution)

VM Mutex/Monitor currently owned by a thread: None

Heap:
 PSYoungGen      total 38400K, used 36130K [0x00000000d5c00000, 0x00000000d8680000, 0x0000000100000000)
  eden space 33280K, 96% used [0x00000000d5c00000,0x00000000d7b517a0,0x00000000d7c80000)
  from space 5120K, 79% used [0x00000000d8180000,0x00000000d8577248,0x00000000d8680000)
  to   space 5120K, 0% used [0x00000000d7c80000,0x00000000d7c80000,0x00000000d8180000)
 ParOldGen       total 87552K, used 24K [0x0000000081400000, 0x0000000086980000, 0x00000000d5c00000)
  object space 87552K, 0% used [0x0000000081400000,0x0000000081406000,0x0000000086980000)
 Metaspace       used 14028K, capacity 14233K, committed 14464K, reserved 1062912K
  class space    used 1465K, capacity 1556K, committed 1664K, reserved 1048576K

Card table byte_map: [0x0000000011990000,0x0000000011d90000] byte_map_base: 0x0000000011586000

Marking Bits: (ParMarkBitMap*) 0x000000005561b6d0
 Begin Bits: [0x0000000012440000, 0x00000000143f0000)
 End Bits:   [0x00000000143f0000, 0x00000000163a0000)

Polling page: 0x00000000003f0000

CodeCache: size=245760Kb used=3988Kb max_used=3992Kb free=241772Kb
 bounds [0x00000000025d0000, 0x00000000029c0000, 0x00000000115d0000]
 total_blobs=2092 nmethods=1142 adapters=863
 compilation: enabled

Compilation events (10 events):
Event: 6.357 Thread 0x000000001718b800 1138       3       java.util.IdentityHashMap::maskNull (12 bytes)
Event: 6.357 Thread 0x000000001718b800 nmethod 1138 0x00000000029b0690 code [0x00000000029b07e0, 0x00000000029b0970]
Event: 6.357 Thread 0x000000001718b800 1139       3       java.util.IdentityHashMap::hash (18 bytes)
Event: 6.357 Thread 0x000000001718b800 nmethod 1139 0x00000000029b0310 code [0x00000000029b0480, 0x00000000029b0608]
Event: 6.357 Thread 0x000000001718b800 1140       1       java.awt.RenderingHints$Key::intKey (5 bytes)
Event: 6.357 Thread 0x000000001718b800 nmethod 1140 0x00000000029b0050 code [0x00000000029b01a0, 0x00000000029b02b0]
Event: 6.357 Thread 0x000000001718b800 1141       3       java.util.HashMap$KeySet::iterator (12 bytes)
Event: 6.357 Thread 0x000000001718b800 nmethod 1141 0x00000000029afb90 code [0x00000000029afd00, 0x00000000029aff68]
Event: 6.357 Thread 0x000000001718b800 1142       3       java.util.HashMap$KeyIterator::<init> (11 bytes)
Event: 6.357 Thread 0x000000001718b800 nmethod 1142 0x00000000029af7d0 code [0x00000000029af940, 0x00000000029afae8]

GC Heap History (4 events):
Event: 2.154 GC heap before
{Heap before GC invocations=1 (full 0):
 PSYoungGen      total 38400K, used 29877K [0x00000000d5c00000, 0x00000000d8680000, 0x0000000100000000)
  eden space 33280K, 89% used [0x00000000d5c00000,0x00000000d792d4e8,0x00000000d7c80000)
  from space 5120K, 0% used [0x00000000d8180000,0x00000000d8180000,0x00000000d8680000)
  to   space 5120K, 0% used [0x00000000d7c80000,0x00000000d7c80000,0x00000000d8180000)
 ParOldGen       total 87552K, used 0K [0x0000000081400000, 0x0000000086980000, 0x00000000d5c00000)
  object space 87552K, 0% used [0x0000000081400000,0x0000000081400000,0x0000000086980000)
 Metaspace       used 13837K, capacity 14073K, committed 14336K, reserved 1062912K
  class space    used 1449K, capacity 1524K, committed 1536K, reserved 1048576K
Event: 2.160 GC heap after
Heap after GC invocations=1 (full 0):
 PSYoungGen      total 38400K, used 4373K [0x00000000d5c00000, 0x00000000d8680000, 0x0000000100000000)
  eden space 33280K, 0% used [0x00000000d5c00000,0x00000000d5c00000,0x00000000d7c80000)
  from space 5120K, 85% used [0x00000000d7c80000,0x00000000d80c54d0,0x00000000d8180000)
  to   space 5120K, 0% used [0x00000000d8180000,0x00000000d8180000,0x00000000d8680000)
 ParOldGen       total 87552K, used 16K [0x0000000081400000, 0x0000000086980000, 0x00000000d5c00000)
  object space 87552K, 0% used [0x0000000081400000,0x0000000081404000,0x0000000086980000)
 Metaspace       used 13837K, capacity 14073K, committed 14336K, reserved 1062912K
  class space    used 1449K, capacity 1524K, committed 1536K, reserved 1048576K
}
Event: 2.879 GC heap before
{Heap before GC invocations=2 (full 0):
 PSYoungGen      total 38400K, used 37653K [0x00000000d5c00000, 0x00000000d8680000, 0x0000000100000000)
  eden space 33280K, 100% used [0x00000000d5c00000,0x00000000d7c80000,0x00000000d7c80000)
  from space 5120K, 85% used [0x00000000d7c80000,0x00000000d80c54d0,0x00000000d8180000)
  to   space 5120K, 0% used [0x00000000d8180000,0x00000000d8180000,0x00000000d8680000)
 ParOldGen       total 87552K, used 16K [0x0000000081400000, 0x0000000086980000, 0x00000000d5c00000)
  object space 87552K, 0% used [0x0000000081400000,0x0000000081404000,0x0000000086980000)
 Metaspace       used 14018K, capacity 14233K, committed 14464K, reserved 1062912K
  class space    used 1465K, capacity 1556K, committed 1664K, reserved 1048576K
Event: 2.886 GC heap after
Heap after GC invocations=2 (full 0):
 PSYoungGen      total 38400K, used 4060K [0x00000000d5c00000, 0x00000000d8680000, 0x0000000100000000)
  eden space 33280K, 0% used [0x00000000d5c00000,0x00000000d5c00000,0x00000000d7c80000)
  from space 5120K, 79% used [0x00000000d8180000,0x00000000d8577248,0x00000000d8680000)
  to   space 5120K, 0% used [0x00000000d7c80000,0x00000000d7c80000,0x00000000d8180000)
 ParOldGen       total 87552K, used 24K [0x0000000081400000, 0x0000000086980000, 0x00000000d5c00000)
  object space 87552K, 0% used [0x0000000081400000,0x0000000081406000,0x0000000086980000)
 Metaspace       used 14018K, capacity 14233K, committed 14464K, reserved 1062912K
  class space    used 1465K, capacity 1556K, committed 1664K, reserved 1048576K
}

Deoptimization events (9 events):
Event: 1.873 Thread 0x00000000192cd800 Uncommon trap: reason=unstable_if action=reinterpret pc=0x00000000027f073c method=java.lang.String.indexOf([CII[CIII)I @ 3
Event: 2.058 Thread 0x00000000192cd800 Uncommon trap: reason=unstable_if action=reinterpret pc=0x00000000028f2bfc method=java.awt.image.ComponentColorModel.getRGB(Ljava/lang/Object;)I @ 4
Event: 2.058 Thread 0x00000000192cd800 Uncommon trap: reason=unstable_if action=reinterpret pc=0x00000000028f55a0 method=java.awt.image.ComponentColorModel.getAlpha(Ljava/lang/Object;)I @ 4
Event: 2.058 Thread 0x00000000192cd800 Uncommon trap: reason=unstable_if action=reinterpret pc=0x00000000028f6f44 method=java.awt.image.ComponentColorModel.extractComponent(Ljava/lang/Object;II)I @ 4
Event: 2.082 Thread 0x00000000192cd800 Uncommon trap: reason=unstable_if action=reinterpret pc=0x0000000002922660 method=java.awt.image.BufferedImage.getRGB(IIII[III)[I @ 163
Event: 2.888 Thread 0x00000000192cd800 Uncommon trap: reason=unstable_if action=reinterpret pc=0x000000000298dbb0 method=java.nio.Bits.tryReserveMemory(JI)Z @ 29
Event: 2.889 Thread 0x00000000192cd800 Uncommon trap: reason=unstable_if action=reinterpret pc=0x0000000002989290 method=java.nio.Bits.tryReserveMemory(JI)Z @ 29
Event: 2.890 Thread 0x00000000192cd800 Uncommon trap: reason=unstable_if action=reinterpret pc=0x0000000002989e80 method=java.nio.Bits.tryReserveMemory(JI)Z @ 29
Event: 6.356 Thread 0x0000000019240000 Uncommon trap: reason=unstable_if action=reinterpret pc=0x0000000002956248 method=java.lang.Integer.equals(Ljava/lang/Object;)Z @ 18

Internal exceptions (10 events):
Event: 0.129 Thread 0x00000000024d0800 Exception <a 'java/io/FileNotFoundException'> (0x00000000d5da2b18) thrown at [C:\re\workspace\8-2-build-windows-amd64-cygwin\jdk8u121\8372\hotspot\src\share\vm\prims\jni.cpp, line 709]
Event: 0.165 Thread 0x00000000024d0800 Exception <a 'java/lang/NoSuchFieldError': method resolution failed> (0x00000000d5e70170) thrown at [C:\re\workspace\8-2-build-windows-amd64-cygwin\jdk8u121\8372\hotspot\src\share\vm\prims\methodHandles.cpp, line 1146]
Event: 0.168 Thread 0x00000000024d0800 Exception <a 'java/lang/NoSuchFieldError': method resolution failed> (0x00000000d5e7d540) thrown at [C:\re\workspace\8-2-build-windows-amd64-cygwin\jdk8u121\8372\hotspot\src\share\vm\prims\methodHandles.cpp, line 1146]
Event: 0.212 Thread 0x00000000024d0800 Exception <a 'java/io/FileNotFoundException'> (0x00000000d5f11e78) thrown at [C:\re\workspace\8-2-build-windows-amd64-cygwin\jdk8u121\8372\hotspot\src\share\vm\prims\jni.cpp, line 709]
Event: 1.602 Thread 0x00000000192cd800 Exception <a 'sun/nio/fs/WindowsException'> (0x00000000d655bbc8) thrown at [C:\re\workspace\8-2-build-windows-amd64-cygwin\jdk8u121\8372\hotspot\src\share\vm\prims\jni.cpp, line 709]
Event: 1.602 Thread 0x00000000192cd800 Exception <a 'sun/nio/fs/WindowsException'> (0x00000000d655c398) thrown at [C:\re\workspace\8-2-build-windows-amd64-cygwin\jdk8u121\8372\hotspot\src\share\vm\prims\jni.cpp, line 709]
Event: 1.603 Thread 0x00000000192cd800 Exception <a 'sun/nio/fs/WindowsException'> (0x00000000d655df58) thrown at [C:\re\workspace\8-2-build-windows-amd64-cygwin\jdk8u121\8372\hotspot\src\share\vm\prims\jni.cpp, line 709]
Event: 1.603 Thread 0x00000000192cd800 Exception <a 'sun/nio/fs/WindowsException'> (0x00000000d655e480) thrown at [C:\re\workspace\8-2-build-windows-amd64-cygwin\jdk8u121\8372\hotspot\src\share\vm\prims\jni.cpp, line 709]
Event: 1.603 Thread 0x00000000192cd800 Exception <a 'sun/nio/fs/WindowsException'> (0x00000000d655ee58) thrown at [C:\re\workspace\8-2-build-windows-amd64-cygwin\jdk8u121\8372\hotspot\src\share\vm\prims\jni.cpp, line 709]
Event: 1.603 Thread 0x00000000192cd800 Exception <a 'sun/nio/fs/WindowsException'> (0x00000000d655f2e8) thrown at [C:\re\workspace\8-2-build-windows-amd64-cygwin\jdk8u121\8372\hotspot\src\share\vm\prims\jni.cpp, line 709]

Events (10 events):
Event: 2.889 Thread 0x00000000192cd800 DEOPT PACKING pc=0x0000000002989290 sp=0x000000001a80ee80
Event: 2.889 Thread 0x00000000192cd800 DEOPT UNPACKING pc=0x000000000261582a sp=0x000000001a80ed18 mode 2
Event: 2.890 Thread 0x00000000192cd800 Uncommon trap: trap_request=0xffffff65 fr.pc=0x0000000002989e80
Event: 2.890 Thread 0x00000000192cd800 DEOPT PACKING pc=0x0000000002989e80 sp=0x000000001a80ef90
Event: 2.890 Thread 0x00000000192cd800 DEOPT UNPACKING pc=0x000000000261582a sp=0x000000001a80ee98 mode 2
Event: 4.099 Executing VM operation: EnableBiasedLocking
Event: 4.100 Executing VM operation: EnableBiasedLocking done
Event: 6.356 Thread 0x0000000019240000 Uncommon trap: trap_request=0xffffff65 fr.pc=0x0000000002956248
Event: 6.356 Thread 0x0000000019240000 DEOPT PACKING pc=0x0000000002956248 sp=0x000000001a2cc4d0
Event: 6.356 Thread 0x0000000019240000 DEOPT UNPACKING pc=0x000000000261582a sp=0x000000001a2cc470 mode 2


Dynamic libraries:
0x00007ff7ee7e0000 - 0x00007ff7ee817000 	C:\Program Files\Java\jre1.8.0_121\bin\javaw.exe
0x00007ffc05a10000 - 0x00007ffc05be1000 	C:\Windows\SYSTEM32\ntdll.dll
0x00007ffc05790000 - 0x00007ffc0583c000 	C:\Windows\System32\KERNEL32.DLL
0x00007ffc02900000 - 0x00007ffc02b1d000 	C:\Windows\System32\KERNELBASE.dll
0x00007ffc036a0000 - 0x00007ffc03742000 	C:\Windows\System32\ADVAPI32.dll
0x00007ffc03950000 - 0x00007ffc039ee000 	C:\Windows\System32\msvcrt.dll
0x00007ffc05680000 - 0x00007ffc056d9000 	C:\Windows\System32\sechost.dll
0x00007ffc03ed0000 - 0x00007ffc03ff1000 	C:\Windows\System32\RPCRT4.dll
0x00007ffc03d30000 - 0x00007ffc03e95000 	C:\Windows\System32\USER32.dll
0x00007ffc02f80000 - 0x00007ffc02f9e000 	C:\Windows\System32\win32u.dll
0x00007ffc056e0000 - 0x00007ffc05714000 	C:\Windows\System32\GDI32.dll
0x00007ffc02d50000 - 0x00007ffc02ed2000 	C:\Windows\System32\gdi32full.dll
0x00007ffbf2ee0000 - 0x00007ffbf315a000 	C:\Windows\WinSxS\amd64_microsoft.windows.common-controls_6595b64144ccf1df_6.0.14393.953_none_42151e83c686086b\COMCTL32.dll
0x00007ffc03a60000 - 0x00007ffc03d28000 	C:\Windows\System32\combase.dll
0x00007ffc027b0000 - 0x00007ffc028a5000 	C:\Windows\System32\ucrtbase.dll
0x00007ffc02bd0000 - 0x00007ffc02c3a000 	C:\Windows\System32\bcryptPrimitives.dll
0x00007ffc03ea0000 - 0x00007ffc03ece000 	C:\Windows\System32\IMM32.DLL
0x00000000556a0000 - 0x0000000055772000 	C:\Program Files\Java\jre1.8.0_121\bin\msvcr100.dll
0x0000000054e00000 - 0x000000005569b000 	C:\Program Files\Java\jre1.8.0_121\bin\server\jvm.dll
0x00007ffc05a00000 - 0x00007ffc05a08000 	C:\Windows\System32\PSAPI.DLL
0x00007ffbf70a0000 - 0x00007ffbf70a9000 	C:\Windows\SYSTEM32\WSOCK32.dll
0x00007ffbfe890000 - 0x00007ffbfe8b3000 	C:\Windows\SYSTEM32\WINMM.dll
0x00007ffbf4d40000 - 0x00007ffbf4d4a000 	C:\Windows\SYSTEM32\VERSION.dll
0x00007ffc05720000 - 0x00007ffc0578a000 	C:\Windows\System32\WS2_32.dll
0x00007ffbfe860000 - 0x00007ffbfe88b000 	C:\Windows\SYSTEM32\WINMMBASE.dll
0x00007ffc028b0000 - 0x00007ffc028f2000 	C:\Windows\System32\cfgmgr32.dll
0x0000000054df0000 - 0x0000000054dff000 	C:\Program Files\Java\jre1.8.0_121\bin\verify.dll
0x0000000054dc0000 - 0x0000000054de9000 	C:\Program Files\Java\jre1.8.0_121\bin\java.dll
0x0000000054da0000 - 0x0000000054db6000 	C:\Program Files\Java\jre1.8.0_121\bin\zip.dll
0x00007ffc04170000 - 0x00007ffc05678000 	C:\Windows\System32\SHELL32.dll
0x00007ffc01f00000 - 0x00007ffc025da000 	C:\Windows\System32\windows.storage.dll
0x00007ffc01eb0000 - 0x00007ffc01efc000 	C:\Windows\System32\powrprof.dll
0x00007ffc05840000 - 0x00007ffc05892000 	C:\Windows\System32\shlwapi.dll
0x00007ffc01e90000 - 0x00007ffc01e9f000 	C:\Windows\System32\kernel.appcore.dll
0x00007ffc02b20000 - 0x00007ffc02bc9000 	C:\Windows\System32\shcore.dll
0x00007ffc01e70000 - 0x00007ffc01e84000 	C:\Windows\System32\profapi.dll
0x0000000054b80000 - 0x0000000054d18000 	C:\Program Files\Java\jre1.8.0_121\bin\awt.dll
0x00007ffc03750000 - 0x00007ffc0380f000 	C:\Windows\System32\OLEAUT32.dll
0x00007ffc02ee0000 - 0x00007ffc02f7c000 	C:\Windows\System32\msvcp_win.dll
0x00007ffc002b0000 - 0x00007ffc0032a000 	C:\Windows\SYSTEM32\apphelp.dll
0x00007ffbfe8f0000 - 0x00007ffbfe916000 	C:\Windows\system32\DWMAPI.DLL
0x00007ffc00650000 - 0x00007ffc006e5000 	C:\Windows\system32\uxtheme.dll
0x00007ffbf4c00000 - 0x00007ffbf4d23000 	C:\Windows\system32\opengl32.dll
0x00007ffbf5780000 - 0x00007ffbf5877000 	C:\Windows\SYSTEM32\DDRAW.dll
0x00007ffbf6540000 - 0x00007ffbf656d000 	C:\Windows\SYSTEM32\GLU32.dll
0x00007ffbf8e20000 - 0x00007ffbf8e28000 	C:\Windows\SYSTEM32\DCIMAN32.dll
0x00007ffc04010000 - 0x00007ffc0416a000 	C:\Windows\System32\MSCTF.dll
0x00007ffc03810000 - 0x00007ffc03948000 	C:\Windows\System32\ole32.dll
0x0000000054b30000 - 0x0000000054b77000 	C:\Program Files\Java\jre1.8.0_121\bin\fontmanager.dll
0x0000000054d80000 - 0x0000000054d9a000 	C:\Program Files\Java\jre1.8.0_121\bin\net.dll
0x00007ffc01740000 - 0x00007ffc0179c000 	C:\Windows\system32\mswsock.dll
0x0000000054d60000 - 0x0000000054d71000 	C:\Program Files\Java\jre1.8.0_121\bin\nio.dll
0x0000000054ae0000 - 0x0000000054b22000 	C:\Program Files\Java\jre1.8.0_121\bin\t2k.dll
0x00007ffbe4450000 - 0x00007ffbe44a8000 	C:\Users\sutA\AppData\Local\Temp\lwjglsutA\3.1.2-build-13\lwjgl.dll
0x00007ffc01900000 - 0x00007ffc0190b000 	C:\Windows\SYSTEM32\CRYPTBASE.DLL
0x00007ffbf9a60000 - 0x00007ffbf9a9c000 	C:\Users\sutA\AppData\Local\Temp\lwjglsutA\3.1.2-build-13\glfw.dll
0x00007ffbe05b0000 - 0x00007ffbe05f0000 	C:\Windows\SYSTEM32\dinput8.dll
0x00007ffbfa6b0000 - 0x00007ffbfa6be000 	C:\Windows\SYSTEM32\xinput1_4.dll
0x00007ffc00a70000 - 0x00007ffc00a98000 	C:\Windows\SYSTEM32\DEVOBJ.dll
0x00007ffc00d50000 - 0x00007ffc00d5c000 	C:\Windows\SYSTEM32\HID.DLL
0x00007ffc030d0000 - 0x00007ffc034f9000 	C:\Windows\System32\SETUPAPI.DLL
0x00007ffc02cf0000 - 0x00007ffc02d45000 	C:\Windows\System32\WINTRUST.dll
0x00007ffc01ea0000 - 0x00007ffc01eb0000 	C:\Windows\System32\MSASN1.dll
0x00007ffc025e0000 - 0x00007ffc027a9000 	C:\Windows\System32\CRYPT32.dll
0x00007ffbcfe00000 - 0x00007ffbd08f9000 	C:\Windows\SYSTEM32\ig75icd64.dll
0x00007ffbf76f0000 - 0x00007ffbf80f4000 	C:\Windows\SYSTEM32\igdusc64.dll
0x00007ffbfebb0000 - 0x00007ffbfebc3000 	C:\Windows\SYSTEM32\WTSAPI32.dll
0x00007ffbdfd30000 - 0x00007ffbdfd6e000 	C:\Users\sutA\AppData\Local\Temp\lwjglsutA\3.1.2-build-13\jemalloc.dll
0x00007ffbdfcd0000 - 0x00007ffbdfd2f000 	C:\Users\sutA\AppData\Local\Temp\lwjglsutA\3.1.2-build-13\lwjgl_opengl.dll
0x00007ffc018e0000 - 0x00007ffc018f7000 	C:\Windows\SYSTEM32\CRYPTSP.dll
0x00007ffc01340000 - 0x00007ffc01373000 	C:\Windows\system32\rsaenh.dll
0x00007ffc01db0000 - 0x00007ffc01ddb000 	C:\Windows\SYSTEM32\bcrypt.dll
0x00007ffc015c0000 - 0x00007ffc015df000 	C:\Windows\SYSTEM32\USERENV.dll
0x00007ffc014c0000 - 0x00007ffc014f8000 	C:\Windows\SYSTEM32\IPHLPAPI.DLL
0x00007ffc03000000 - 0x00007ffc03008000 	C:\Windows\System32\NSI.dll
0x00007ffbfc9e0000 - 0x00007ffbfc9f6000 	C:\Windows\SYSTEM32\dhcpcsvc6.DLL
0x00007ffbfcd30000 - 0x00007ffbfcd4a000 	C:\Windows\SYSTEM32\dhcpcsvc.DLL
0x0000000054aa0000 - 0x0000000054ad1000 	C:\Program Files\Java\jre1.8.0_121\bin\jpeg.dll
0x0000000054a60000 - 0x0000000054a9c000 	C:\Program Files\Java\jre1.8.0_121\bin\lcms.dll
0x00007ffbfbe00000 - 0x00007ffbfbf92000 	C:\Windows\SYSTEM32\dbghelp.dll

VM Arguments:
jvm_args: -Dfile.encoding=Cp1250 
java_command: com.thechema.game.Main
java_class_path (initial): C:\Users\sutA\Desktop\Game\bin;C:\Users\sutA\Desktop\Game\lib\joml-1.9.1.jar;C:\Users\sutA\Desktop\Game\lib\lwjgl-glfw-natives-linux.jar;C:\Users\sutA\Desktop\Game\lib\lwjgl-glfw-natives-windows.jar;C:\Users\sutA\Desktop\Game\lib\lwjgl-glfw.jar;C:\Users\sutA\Desktop\Game\lib\lwjgl-jawt.jar;C:\Users\sutA\Desktop\Game\lib\lwjgl-jemalloc-natives-linux.jar;C:\Users\sutA\Desktop\Game\lib\lwjgl-jemalloc-natives-windows.jar;C:\Users\sutA\Desktop\Game\lib\lwjgl-jemalloc.jar;C:\Users\sutA\Desktop\Game\lib\lwjgl-natives-linux.jar;C:\Users\sutA\Desktop\Game\lib\lwjgl-natives-windows.jar;C:\Users\sutA\Desktop\Game\lib\lwjgl-opengl-natives-linux.jar;C:\Users\sutA\Desktop\Game\lib\lwjgl-opengl-natives-windows.jar;C:\Users\sutA\Desktop\Game\lib\lwjgl-opengl.jar;C:\Users\sutA\Desktop\Game\lib\lwjgl-stb-natives-linux.jar;C:\Users\sutA\Desktop\Game\lib\lwjgl-stb-natives-windows.jar;C:\Users\sutA\Desktop\Game\lib\lwjgl-stb.jar;C:\Users\sutA\Desktop\Game\lib\lwjgl.jar
Launcher Type: SUN_STANDARD

Environment Variables:
PATH=C:\ProgramData\Oracle\Java\javapath;C:\Windows\system32;C:\Windows;C:\Windows\System32\Wbem;C:\Windows\System32\WindowsPowerShell\v1.0\;C:\Program Files (x86)\Windows Kits\8.1\Windows Performance Toolkit\;C:\Program Files (x86)\Skype\Phone\;C:\Users\sutA\AppData\Local\Microsoft\WindowsApps;
USERNAME=sutA
OS=Windows_NT
PROCESSOR_IDENTIFIER=Intel64 Family 6 Model 60 Stepping 3, GenuineIntel



---------------  S Y S T E M  ---------------

OS: Windows 10.0 , 64 bit Build 14393 (10.0.14393.1198)

CPU:total 4 (2 cores per cpu, 2 threads per core) family 6 model 60 stepping 3, cmov, cx8, fxsr, mmx, sse, sse2, sse3, ssse3, sse4.1, sse4.2, popcnt, avx, avx2, clmul, erms, lzcnt, ht, tsc, tscinvbit, bmi1, bmi2

Memory: 4k page, physical 8298776k(3459792k free), swap 9609496k(3225416k free)

vm_info: Java HotSpot(TM) 64-Bit Server VM (25.121-b13) for windows-amd64 JRE (1.8.0_121-b13), built on Dec 12 2016 18:21:36 by "java_re" with MS VC++ 10.0 (VS2010)

time: Mon Jun 05 14:53:56 2017
elapsed time: 6 seconds (0d 0h 0m 6s)

